2019-01-24 13:34:02 parsl.dataflow.dflow:82 [DEBUG]  Starting DataFlowKernel with config
Config(
    app_cache=True, 
    checkpoint_files=None, 
    checkpoint_mode=None, 
    checkpoint_period=None, 
    data_management_max_threads=10, 
    executors=[IPyParallelExecutor(
        container_image=None, 
        controller=Controller(
            interfaces=None, 
            ipython_dir='~/.ipython', 
            log=True, 
            mode='auto', 
            port=None, 
            port_range=None, 
            profile='default', 
            public_ip='10.0.90.253', 
            reuse=False
        ), 
        engine_debug_level=None, 
        engine_dir=None, 
        label='ec2_single_node', 
        managed=True, 
        provider=AWSProvider(
            'ami-08c7f5a9a205fa125',
            iam_instance_profile_arn='', 
            init_blocks=1, 
            instance_type='t2.small', 
            key_file=None, 
            key_name='testKeyPair', 
            launcher=SingleNodeLauncher(), 
            linger=False, 
            max_blocks=1, 
            min_blocks=0, 
            nodes_per_block=1, 
            parallelism=1, 
            profile='default', 
            region='us-east-2', 
            spot_max_bid=0, 
            state_file='awsproviderstate.json', 
            walltime='01:00:00', 
            worker_init=''
        ), 
        storage_access=[], 
        workers_per_node=1, 
        working_dir=None
    )], 
    lazy_errors=True, 
    monitoring_config=None, 
    retries=0, 
    run_dir='runinfo', 
    strategy='simple', 
    usage_tracking=True
)
2019-01-24 13:34:02 parsl.dataflow.dflow:83 [INFO]  Parsl version: 0.7.0
2019-01-24 13:34:02 parsl.dataflow.usage_tracking.usage:126 [DEBUG]  Tracking status: True
2019-01-24 13:34:02 parsl.dataflow.usage_tracking.usage:127 [DEBUG]  Testing mode   : False
2019-01-24 13:34:02 parsl.dataflow.dflow:123 [INFO]  Run id is: 42031c8e-4bb5-4c2b-93bb-12212377e5cd
2019-01-24 13:34:02 parsl.dataflow.memoization:52 [INFO]  App caching initialized
2019-01-24 13:34:02 parsl.executors.ipp_controller:99 [DEBUG]  Starting ipcontroller with 'ipcontroller --ipython-dir=/Users/tedsummer/Documents/uchicago/pitjjgenomics/testParsl/strelka/runinfo/000 --ip=* --profile=ec2_single_node  --location=10.0.90.253 '
2019-01-24 13:34:04 parsl.executors.ipp:107 [DEBUG]  Waiting for /Users/tedsummer/Documents/uchicago/pitjjgenomics/testParsl/strelka/runinfo/000/profile_ec2_single_node/security/ipcontroller-client.json
